<?xml version="1.0" encoding="UTF-8"?>
<!-- Generated by org.testng.reporters.JUnitXMLReporter -->
<testsuite ignored="0" hostname="UKLONDLP66" failures="2" tests="11" name="Tests on IE11" time="71.001" errors="0" timestamp="2020-02-28T12:10:35 GMT">
  <testcase classname="Jupitertoys.JupiterToysApplication" name="loginJupiterToys" time="2.105"/>
  <testcase classname="Jupitertoys.JupiterToysApplication" name="loginJupiterToys" time="1.233"/>
  <testcase classname="Jupitertoys.JupiterToysApplication" name="contactJupiterToys" time="2.21">
    <failure type="java.io.IOException" message="Failed to copy full contents from &amp;apos;C:\Users\SMALLI~1\AppData\Local\Temp\screenshot12001281384169609221.png&amp;apos; to &amp;apos;C:\Users\Smallipudi\Documents\Satya\screenshot1.png&amp;apos; Expected length: 55082 Actual: 0">
      <![CDATA[java.io.IOException: Failed to copy full contents from 'C:\Users\SMALLI~1\AppData\Local\Temp\screenshot12001281384169609221.png' to 'C:\Users\Smallipudi\Documents\Satya\screenshot1.png' Expected length: 55082 Actual: 0
at org.apache.commons.io.FileUtils.doCopyFile(FileUtils.java:1142)
at org.apache.commons.io.FileUtils.copyFile(FileUtils.java:1076)
at org.apache.commons.io.FileUtils.copyFile(FileUtils.java:1028)
at Jupitertoys.JupiterToysApplication.contactJupiterToys(JupiterToysApplication.java:101)
at java.base/java.util.ArrayList.forEach(ArrayList.java:1507)
at java.base/java.util.concurrent.FutureTask.run(FutureTask.java:264)
at java.base/java.util.concurrent.ThreadPoolExecutor.runWorker(ThreadPoolExecutor.java:1128)
at java.base/java.util.concurrent.ThreadPoolExecutor$Worker.run(ThreadPoolExecutor.java:628)
at java.base/java.lang.Thread.run(Thread.java:830)
... Removed 18 stack frames]]>
    </failure>
  </testcase> <!-- contactJupiterToys -->
  <testcase classname="Jupitertoys.JupiterToysApplication" name="contactJupiterToys" time="9.038"/>
  <testcase classname="Jupitertoys.JupiterToysApplication" name="ShopJupiterToys" time="11.241"/>
  <testcase classname="Jupitertoys.JupiterToysApplication" name="invalidLoginJupiterToys" time="0.061">
    <failure type="org.openqa.selenium.ElementNotInteractableException" message="Element &amp;lt;a href=&amp;quot;&amp;quot;&amp;gt; could not be scrolled into view
Build info: version: &amp;apos;4.0.0-alpha-4&amp;apos;, revision: &amp;apos;c2d955b49e&amp;apos;
System info: host: &amp;apos;UKLONDLP66&amp;apos;, ip: &amp;apos;192.168.1.67&amp;apos;, os.name: &amp;apos;Windows 10&amp;apos;, os.arch: &amp;apos;amd64&amp;apos;, os.version: &amp;apos;10.0&amp;apos;, java.version: &amp;apos;13.0.1&amp;apos;
Driver info: org.openqa.selenium.remote.RemoteWebDriver
Capabilities {acceptInsecureCerts: true, browserName: firefox, browserVersion: 73.0.1, javascriptEnabled: true, moz:accessibilityChecks: false, moz:buildID: 20200217142647, moz:geckodriverVersion: 0.26.0, moz:headless: false, moz:processID: 17824, moz:profile: C:\Users\Smallipudi\AppData..., moz:shutdownTimeout: 60000, moz:useNonSpecCompliantPointerOrigin: false, moz:webdriverClick: true, pageLoadStrategy: normal, platform: WINDOWS, platformName: WINDOWS, platformVersion: 10.0, rotatable: false, setWindowRect: true, strictFileInteractability: false, timeouts: {implicit: 0, pageLoad: 300000, script: 30000}, unhandledPromptBehavior: dismiss and notify, webdriver.remote.sessionid: 12a15ea9-a287-40dc-b18e-b4c...}
Session ID: 12a15ea9-a287-40dc-b18e-b4c0a1301aab">
      <![CDATA[org.openqa.selenium.ElementNotInteractableException: Element <a href=""> could not be scrolled into view
Build info: version: '4.0.0-alpha-4', revision: 'c2d955b49e'
System info: host: 'UKLONDLP66', ip: '192.168.1.67', os.name: 'Windows 10', os.arch: 'amd64', os.version: '10.0', java.version: '13.0.1'
Driver info: org.openqa.selenium.remote.RemoteWebDriver
Capabilities {acceptInsecureCerts: true, browserName: firefox, browserVersion: 73.0.1, javascriptEnabled: true, moz:accessibilityChecks: false, moz:buildID: 20200217142647, moz:geckodriverVersion: 0.26.0, moz:headless: false, moz:processID: 17824, moz:profile: C:\Users\Smallipudi\AppData..., moz:shutdownTimeout: 60000, moz:useNonSpecCompliantPointerOrigin: false, moz:webdriverClick: true, pageLoadStrategy: normal, platform: WINDOWS, platformName: WINDOWS, platformVersion: 10.0, rotatable: false, setWindowRect: true, strictFileInteractability: false, timeouts: {implicit: 0, pageLoad: 300000, script: 30000}, unhandledPromptBehavior: dismiss and notify, webdriver.remote.sessionid: 12a15ea9-a287-40dc-b18e-b4c...}
Session ID: 12a15ea9-a287-40dc-b18e-b4c0a1301aab
at org.openqa.selenium.remote.codec.w3c.W3CHttpResponseCodec.createException(W3CHttpResponseCodec.java:196)
at org.openqa.selenium.remote.codec.w3c.W3CHttpResponseCodec.decode(W3CHttpResponseCodec.java:129)
at org.openqa.selenium.remote.codec.w3c.W3CHttpResponseCodec.decode(W3CHttpResponseCodec.java:53)
at org.openqa.selenium.remote.HttpCommandExecutor.execute(HttpCommandExecutor.java:161)
at org.openqa.selenium.remote.RemoteWebDriver.execute(RemoteWebDriver.java:582)
at org.openqa.selenium.remote.RemoteWebElement.execute(RemoteWebElement.java:316)
at org.openqa.selenium.remote.RemoteWebElement.click(RemoteWebElement.java:85)
at Jupitertoys.JupiterToysApplication.invalidLoginJupiterToys(JupiterToysApplication.java:223)
at java.base/java.util.ArrayList.forEach(ArrayList.java:1507)
at java.base/java.util.concurrent.FutureTask.run(FutureTask.java:264)
at java.base/java.util.concurrent.ThreadPoolExecutor.runWorker(ThreadPoolExecutor.java:1128)
at java.base/java.util.concurrent.ThreadPoolExecutor$Worker.run(ThreadPoolExecutor.java:628)
at java.base/java.lang.Thread.run(Thread.java:830)
... Removed 23 stack frames]]>
    </failure>
  </testcase> <!-- invalidLoginJupiterToys -->
  <testcase classname="Jupitertoys.JupiterToysApplication" name="ShopJupiterToys" time="9.676"/>
  <testcase classname="Jupitertoys.JupiterToysApplication" name="loginJupiterToys" time="0.0">
    <skipped/>
  </testcase> <!-- loginJupiterToys -->
  <testcase classname="Jupitertoys.JupiterToysApplication" name="contactJupiterToys" time="0.0">
    <skipped/>
  </testcase> <!-- contactJupiterToys -->
  <testcase classname="Jupitertoys.JupiterToysApplication" name="ShopJupiterToys" time="0.0">
    <skipped/>
  </testcase> <!-- ShopJupiterToys -->
  <testcase classname="Jupitertoys.JupiterToysApplication" name="invalidLoginJupiterToys" time="0.0">
    <skipped/>
  </testcase> <!-- invalidLoginJupiterToys -->
</testsuite> <!-- Tests on IE11 -->
