<?xml version="1.0" encoding="UTF-8"?>
<!-- Generated by org.testng.reporters.JUnitXMLReporter -->
<testsuite ignored="0" hostname="UKLONDLP66" failures="0" tests="4" name="Default test" time="0.169" errors="0" timestamp="2020-02-28T11:08:44 GMT">
  <testcase classname="Jupitertoys.JupiterToysApplication" name="@BeforeClass setUp" time="0.077">
    <failure type="org.openqa.selenium.WebDriverException" message="Unrecognized platform: PARAM-VAL-NOT-FOUND
Build info: version: &amp;apos;4.0.0-alpha-4&amp;apos;, revision: &amp;apos;c2d955b49e&amp;apos;
System info: host: &amp;apos;UKLONDLP66&amp;apos;, ip: &amp;apos;192.168.1.67&amp;apos;, os.name: &amp;apos;Windows 10&amp;apos;, os.arch: &amp;apos;amd64&amp;apos;, os.version: &amp;apos;10.0&amp;apos;, java.version: &amp;apos;13.0.1&amp;apos;
Driver info: driver.version: SetupDriver">
      <![CDATA[org.openqa.selenium.WebDriverException: Unrecognized platform: PARAM-VAL-NOT-FOUND
Build info: version: '4.0.0-alpha-4', revision: 'c2d955b49e'
System info: host: 'UKLONDLP66', ip: '192.168.1.67', os.name: 'Windows 10', os.arch: 'amd64', os.version: '10.0', java.version: '13.0.1'
Driver info: driver.version: SetupDriver
at org.openqa.selenium.Platform.fromString(Platform.java:347)
at resources.SetupDriver.<init>(SetupDriver.java:51)
at Jupitertoys.JupiterToysApplication.setUp(JupiterToysApplication.java:38)
at java.base/jdk.internal.reflect.NativeMethodAccessorImpl.invoke0(Native Method)
at java.base/jdk.internal.reflect.NativeMethodAccessorImpl.invoke(NativeMethodAccessorImpl.java:62)
at java.base/jdk.internal.reflect.DelegatingMethodAccessorImpl.invoke(DelegatingMethodAccessorImpl.java:43)
at java.base/java.lang.reflect.Method.invoke(Method.java:567)
at org.testng.internal.MethodInvocationHelper.invokeMethod(MethodInvocationHelper.java:133)
at org.testng.internal.MethodInvocationHelper.invokeMethodConsideringTimeout(MethodInvocationHelper.java:62)
at org.testng.internal.ConfigInvoker.invokeConfigurationMethod(ConfigInvoker.java:340)
at org.testng.internal.ConfigInvoker.invokeConfigurations(ConfigInvoker.java:294)
at org.testng.internal.TestMethodWorker.invokeBeforeClassMethods(TestMethodWorker.java:176)
at org.testng.internal.TestMethodWorker.run(TestMethodWorker.java:122)
at java.base/java.util.ArrayList.forEach(ArrayList.java:1507)
at org.testng.TestRunner.privateRun(TestRunner.java:770)
at org.testng.TestRunner.run(TestRunner.java:591)
at org.testng.SuiteRunner.runTest(SuiteRunner.java:402)
at org.testng.SuiteRunner.runSequentially(SuiteRunner.java:396)
at org.testng.SuiteRunner.privateRun(SuiteRunner.java:355)
at org.testng.SuiteRunner.run(SuiteRunner.java:304)
at org.testng.SuiteRunnerWorker.runSuite(SuiteRunnerWorker.java:53)
at org.testng.SuiteRunnerWorker.run(SuiteRunnerWorker.java:96)
at org.testng.TestNG.runSuitesSequentially(TestNG.java:1180)
at org.testng.TestNG.runSuitesLocally(TestNG.java:1102)
at org.testng.TestNG.runSuites(TestNG.java:1032)
at org.testng.TestNG.run(TestNG.java:1000)
at org.testng.remote.AbstractRemoteTestNG.run(AbstractRemoteTestNG.java:115)
at org.testng.remote.RemoteTestNG.initAndRun(RemoteTestNG.java:251)
at org.testng.remote.RemoteTestNG.main(RemoteTestNG.java:77)
]]>
    </failure>
  </testcase> <!-- @BeforeClass setUp -->
  <testcase classname="Jupitertoys.JupiterToysApplication" name="loginJupiterToys" time="0.0">
    <skipped/>
  </testcase> <!-- loginJupiterToys -->
  <testcase classname="Jupitertoys.JupiterToysApplication" name="contactJupiterToys" time="0.0">
    <skipped/>
  </testcase> <!-- contactJupiterToys -->
  <testcase classname="Jupitertoys.JupiterToysApplication" name="ShopJupiterToys" time="0.0">
    <skipped/>
  </testcase> <!-- ShopJupiterToys -->
  <testcase classname="Jupitertoys.JupiterToysApplication" name="invalidLoginJupiterToys" time="0.0">
    <skipped/>
  </testcase> <!-- invalidLoginJupiterToys -->
</testsuite> <!-- Default test -->
